<?xml version="1.0" encoding="UTF-8"?>
<!-- Generated by org.testng.reporters.JUnitReportReporter -->
<testsuite hostname="GS-2657" failures="0" tests="1" name="com.TestDefinitionLayer.TC002_SecurityTest" time="0.219" errors="0" timestamp="2020-06-26T18:57:52 IST" skipped="0">
  <testcase classname="com.TestDefinitionLayer.TC002_SecurityTest" name="zapSecurityTest" time="0.219"/>
</testsuite> <!-- com.TestDefinitionLayer.TC002_SecurityTest -->
